1: package better_write.Java_IO.Java_Thinking.A1;
2: 
3: import java.io.BufferedReader;
4: import java.io.FileReader;
5: import java.io.IOException;
6: 
7: /**
8:  * \* Created with IntelliJ IDEA.
9:  * \* User: LinZiYu
10:  * \* Date: 2020/3/28
11:  * \* Time: 20:26
12:  * \* Description:
13:  * \
14:  */
15: public class Demo1 {
16: 
17: 
18: 
19:     public static String read(String filename) throws IOException {
20: 
21:         BufferedReader in = new BufferedReader(
22:                 new FileReader(filename)
23:         );
24: 
25:         String s;
26: 
27:         StringBuilder builder = new StringBuilder();
28: 
29:         while ( (s = in.readLine()) != null) {
30:             builder.append( s + "\n");
31:         }
32: 
33:         return builder.toString();
34: 
35:     }
36: 
37:     public static void main(String[] args) throws IOException {
38: 
39:         System.out.println(read("E:\\learn-java\\Learning-Java\\MyNotes\\better_write\\Java_IO\\Java_Thinking\\A1\\Demo1.java"));
40: 
41: 
42: 
43:     }
44: }
